2026-06-08 12:56:02 | automation | INFO | ========== TC_LG_001 Started ==========
2026-06-08 12:56:03 | automation | INFO | Application Opened Successfully
2026-06-08 12:56:04 | automation | INFO | Clicked On My Account
2026-06-08 12:56:05 | automation | INFO | Clicked On Login Page
2026-06-08 12:56:05 | automation | INFO | User Logged In Successfully
2026-06-08 12:56:08 | automation | INFO | Clicked Logout Option
2026-06-08 12:56:10 | automation | INFO | Logout Successful
2026-06-08 12:56:11 | automation | INFO | Clicked On Logout Page
2026-06-08 12:56:13 | automation | INFO | Navigate to Homepage Successfully
2026-06-08 12:56:13 | automation | INFO | User should be taken to the Home page
2026-06-08 12:56:13 | automation | INFO | ========== TC_LG_001 Passed ==========
2026-06-08 12:56:18 | automation | INFO | ========== TC_LF_001 Started ==========
2026-06-08 12:56:19 | automation | INFO | Application Opened Successfully
2026-06-08 12:56:19 | automation | INFO | Clicked On My Account
2026-06-08 12:56:19 | automation | INFO | Clicked On Login Page
2026-06-08 12:56:19 | automation | INFO | Clicked On Login Buttom
2026-06-08 12:56:26 | automation | INFO | ========== TC_RF_001 Started ==========
2026-06-08 12:56:27 | automation | INFO | Application Opened Successfully
2026-06-08 12:56:28 | automation | INFO | Clicked On My Account
2026-06-08 12:56:28 | automation | INFO | Clicked On Registration Page
2026-06-08 12:56:29 | automation | INFO | Entered All Mandatory Fields
2026-06-08 12:56:29 | automation | INFO | Privacy Policy Selected
2026-06-08 12:56:35 | automation | INFO | ========== TC_LG_002 Started ==========
2026-06-08 12:56:36 | automation | INFO | Application Opened Successfully
2026-06-08 12:56:37 | automation | INFO | Clicked On My Account
2026-06-08 12:56:37 | automation | INFO | Clicked On Login Page
2026-06-08 12:56:38 | automation | INFO | User Logged In Successfully
2026-06-08 12:56:39 | automation | INFO | Clicked On Logout Page
2026-06-08 12:56:45 | automation | INFO | ========== TC_LF_002 and TC_LF_003 and TC_LF_004 Started ==========
2026-06-08 12:56:47 | automation | INFO | Application Opened Successfully
2026-06-08 12:56:47 | automation | INFO | Clicked On My Account
2026-06-08 12:56:47 | automation | INFO | Clicked On Login Page
2026-06-08 12:56:47 | automation | INFO | Enter Email: xyzabc123@gmail.com and Password: xyzabc123
2026-06-08 12:56:47 | automation | INFO | Clicked On Login Buttom
2026-06-08 12:56:48 | automation | ERROR | BUG FOUND : Login Invalid Credentials Message: no such element: Unable to locate element: {"method":"xpath","selector":"//div[@class='alert alert-danger alert-dismissible'][text()='Warning: No match for E-Mail Address and/or Password.']"}
  (Session info: chrome=148.0.7778.217); For documentation on this error, please visit: https://www.selenium.dev/documentation/webdriver/troubleshooting/errors#nosuchelementexception
Stacktrace:
	chromedriver!GetHandleVerifier [0x7ff789017de5+14895]
	chromedriver!GetHandleVerifier [0x7ff789017e50+14900]
	chromedriver!(No symbol) [0x7ff788d7d5ad]
	chromedriver!(No symbol) [0x7ff788dd7822]
	chromedriver!(No symbol) [0x7ff788dd7b2c]
	chromedriver!(No symbol) [0x7ff788e27d17]
	chromedriver!(No symbol) [0x7ff788e2486f]
	chromedriver!(No symbol) [0x7ff788dc9df8]
	chromedriver!(No symbol) [0x7ff788dcace3]
	chromedriver!GetHandleVerifier [0x7ff78932cc49+3296f9]
	chromedriver!GetHandleVerifier [0x7ff789327375+323e25]
	chromedriver!GetHandleVerifier [0x7ff78934bc82+348732]
	chromedriver!GetHandleVerifier [0x7ff789036045+32af5]
	chromedriver!GetHandleVerifier [0x7ff78903ecec+3b79c]
	chromedriver!GetHandleVerifier [0x7ff789021bc4+1e674]
	chromedriver!GetHandleVerifier [0x7ff789021d54+1e804]
	chromedriver!GetHandleVerifier [0x7ff7890060e7+2b97]
	KERNEL32!BaseThreadInitThunk [0x7ffb1e8de957+17]
	ntdll!RtlUserThreadStart [0x7ffb1f9a7c1c+2c]

2026-06-08 12:56:53 | automation | INFO | ========== TC_LF_002 and TC_LF_003 and TC_LF_004 Started ==========
2026-06-08 12:56:54 | automation | INFO | Application Opened Successfully
2026-06-08 12:56:55 | automation | INFO | Clicked On My Account
2026-06-08 12:57:00 | automation | INFO | ========== TC_RF_004 Started ==========
2026-06-08 12:57:01 | automation | INFO | Application Opened Successfully
2026-06-08 12:57:01 | automation | INFO | Clicked On My Account Page
2026-06-08 12:57:02 | automation | INFO | Clicked On Registration Page
2026-06-08 12:57:03 | automation | INFO | Click Continue Button, Without Entering Any Fields
2026-06-08 12:57:03 | automation | INFO | ========== TC_RF_004 Passed ==========
